<?xml version="1.0" encoding="UTF-8"?>
<testsuite xmlns:xsi="http://www.w3.org/2001/XMLSchema-instance" xsi:noNamespaceSchemaLocation="https://maven.apache.org/surefire/maven-surefire-plugin/xsd/surefire-test-report-3.0.xsd" version="3.0" name="com.ameda.jib.auth.AuthenticationApplicationTest" time="7.986" tests="1" errors="0" skipped="0" failures="0">
  <properties>
    <property name="java.specification.version" value="21"/>
    <property name="sun.jnu.encoding" value="UTF-8"/>
    <property name="java.class.path" value="/home/ameda/Downloads/multi-module-jib/authentication/target/test-classes:/home/ameda/Downloads/multi-module-jib/authentication/target/classes:/home/ameda/.m2/repository/org/springframework/boot/spring-boot-starter-web/3.2.5/spring-boot-starter-web-3.2.5.jar:/home/ameda/.m2/repository/org/springframework/boot/spring-boot-starter/3.2.5/spring-boot-starter-3.2.5.jar:/home/ameda/.m2/repository/org/springframework/boot/spring-boot/3.2.5/spring-boot-3.2.5.jar:/home/ameda/.m2/repository/org/springframework/boot/spring-boot-autoconfigure/3.2.5/spring-boot-autoconfigure-3.2.5.jar:/home/ameda/.m2/repository/org/springframework/boot/spring-boot-starter-logging/3.2.5/spring-boot-starter-logging-3.2.5.jar:/home/ameda/.m2/repository/ch/qos/logback/logback-classic/1.4.14/logback-classic-1.4.14.jar:/home/ameda/.m2/repository/ch/qos/logback/logback-core/1.4.14/logback-core-1.4.14.jar:/home/ameda/.m2/repository/org/apache/logging/log4j/log4j-to-slf4j/2.21.1/log4j-to-slf4j-2.21.1.jar:/home/ameda/.m2/repository/org/apache/logging/log4j/log4j-api/2.21.1/log4j-api-2.21.1.jar:/home/ameda/.m2/repository/org/slf4j/jul-to-slf4j/2.0.13/jul-to-slf4j-2.0.13.jar:/home/ameda/.m2/repository/jakarta/annotation/jakarta.annotation-api/2.1.1/jakarta.annotation-api-2.1.1.jar:/home/ameda/.m2/repository/org/yaml/snakeyaml/2.2/snakeyaml-2.2.jar:/home/ameda/.m2/repository/org/springframework/boot/spring-boot-starter-json/3.2.5/spring-boot-starter-json-3.2.5.jar:/home/ameda/.m2/repository/com/fasterxml/jackson/core/jackson-databind/2.15.4/jackson-databind-2.15.4.jar:/home/ameda/.m2/repository/com/fasterxml/jackson/datatype/jackson-datatype-jdk8/2.15.4/jackson-datatype-jdk8-2.15.4.jar:/home/ameda/.m2/repository/com/fasterxml/jackson/datatype/jackson-datatype-jsr310/2.15.4/jackson-datatype-jsr310-2.15.4.jar:/home/ameda/.m2/repository/com/fasterxml/jackson/module/jackson-module-parameter-names/2.15.4/jackson-module-parameter-names-2.15.4.jar:/home/ameda/.m2/repository/org/springframework/boot/spring-boot-starter-tomcat/3.2.5/spring-boot-starter-tomcat-3.2.5.jar:/home/ameda/.m2/repository/org/apache/tomcat/embed/tomcat-embed-core/10.1.20/tomcat-embed-core-10.1.20.jar:/home/ameda/.m2/repository/org/apache/tomcat/embed/tomcat-embed-el/10.1.20/tomcat-embed-el-10.1.20.jar:/home/ameda/.m2/repository/org/apache/tomcat/embed/tomcat-embed-websocket/10.1.20/tomcat-embed-websocket-10.1.20.jar:/home/ameda/.m2/repository/org/springframework/spring-web/6.1.6/spring-web-6.1.6.jar:/home/ameda/.m2/repository/io/micrometer/micrometer-observation/1.12.5/micrometer-observation-1.12.5.jar:/home/ameda/.m2/repository/io/micrometer/micrometer-commons/1.12.5/micrometer-commons-1.12.5.jar:/home/ameda/.m2/repository/org/springframework/spring-webmvc/6.1.6/spring-webmvc-6.1.6.jar:/home/ameda/.m2/repository/org/springframework/spring-context/6.1.6/spring-context-6.1.6.jar:/home/ameda/.m2/repository/org/springframework/spring-expression/6.1.6/spring-expression-6.1.6.jar:/home/ameda/.m2/repository/org/springframework/boot/spring-boot-starter-oauth2-authorization-server/3.2.5/spring-boot-starter-oauth2-authorization-server-3.2.5.jar:/home/ameda/.m2/repository/org/springframework/security/spring-security-oauth2-authorization-server/1.2.4/spring-security-oauth2-authorization-server-1.2.4.jar:/home/ameda/.m2/repository/org/springframework/security/spring-security-oauth2-core/6.2.4/spring-security-oauth2-core-6.2.4.jar:/home/ameda/.m2/repository/org/springframework/security/spring-security-oauth2-jose/6.2.4/spring-security-oauth2-jose-6.2.4.jar:/home/ameda/.m2/repository/org/springframework/security/spring-security-oauth2-resource-server/6.2.4/spring-security-oauth2-resource-server-6.2.4.jar:/home/ameda/.m2/repository/com/nimbusds/nimbus-jose-jwt/9.37.3/nimbus-jose-jwt-9.37.3.jar:/home/ameda/.m2/repository/com/github/stephenc/jcip/jcip-annotations/1.0-1/jcip-annotations-1.0-1.jar:/home/ameda/.m2/repository/org/keycloak/keycloak-admin-client/25.0.0/keycloak-admin-client-25.0.0.jar:/home/ameda/.m2/repository/org/keycloak/keycloak-core/25.0.0/keycloak-core-25.0.0.jar:/home/ameda/.m2/repository/org/keycloak/keycloak-common/25.0.0/keycloak-common-25.0.0.jar:/home/ameda/.m2/repository/org/jboss/resteasy/resteasy-client/6.2.7.Final/resteasy-client-6.2.7.Final.jar:/home/ameda/.m2/repository/org/jboss/resteasy/resteasy-client-api/6.2.7.Final/resteasy-client-api-6.2.7.Final.jar:/home/ameda/.m2/repository/org/jboss/resteasy/resteasy-core-spi/6.2.7.Final/resteasy-core-spi-6.2.7.Final.jar:/home/ameda/.m2/repository/jakarta/validation/jakarta.validation-api/3.0.2/jakarta.validation-api-3.0.2.jar:/home/ameda/.m2/repository/org/jboss/resteasy/resteasy-core/6.2.7.Final/resteasy-core-6.2.7.Final.jar:/home/ameda/.m2/repository/org/jboss/jandex/2.4.4.Final/jandex-2.4.4.Final.jar:/home/ameda/.m2/repository/org/eclipse/angus/angus-activation/2.0.2/angus-activation-2.0.2.jar:/home/ameda/.m2/repository/com/ibm/async/asyncutil/0.1.0/asyncutil-0.1.0.jar:/home/ameda/.m2/repository/org/jboss/logging/jboss-logging/3.5.3.Final/jboss-logging-3.5.3.Final.jar:/home/ameda/.m2/repository/org/apache/httpcomponents/httpclient/4.5.14/httpclient-4.5.14.jar:/home/ameda/.m2/repository/org/apache/httpcomponents/httpcore/4.4.16/httpcore-4.4.16.jar:/home/ameda/.m2/repository/commons-logging/commons-logging/1.2/commons-logging-1.2.jar:/home/ameda/.m2/repository/commons-codec/commons-codec/1.16.1/commons-codec-1.16.1.jar:/home/ameda/.m2/repository/jakarta/ws/rs/jakarta.ws.rs-api/3.1.0/jakarta.ws.rs-api-3.1.0.jar:/home/ameda/.m2/repository/org/reactivestreams/reactive-streams/1.0.4/reactive-streams-1.0.4.jar:/home/ameda/.m2/repository/org/jboss/resteasy/resteasy-multipart-provider/6.2.7.Final/resteasy-multipart-provider-6.2.7.Final.jar:/home/ameda/.m2/repository/jakarta/mail/jakarta.mail-api/2.1.3/jakarta.mail-api-2.1.3.jar:/home/ameda/.m2/repository/org/eclipse/angus/angus-mail/2.0.3/angus-mail-2.0.3.jar:/home/ameda/.m2/repository/org/apache/james/apache-mime4j-dom/0.8.9/apache-mime4j-dom-0.8.9.jar:/home/ameda/.m2/repository/org/apache/james/apache-mime4j-core/0.8.9/apache-mime4j-core-0.8.9.jar:/home/ameda/.m2/repository/org/apache/james/apache-mime4j-storage/0.8.9/apache-mime4j-storage-0.8.9.jar:/home/ameda/.m2/repository/commons-io/commons-io/2.11.0/commons-io-2.11.0.jar:/home/ameda/.m2/repository/org/jboss/resteasy/resteasy-jackson2-provider/6.2.7.Final/resteasy-jackson2-provider-6.2.7.Final.jar:/home/ameda/.m2/repository/com/fasterxml/jackson/core/jackson-core/2.15.4/jackson-core-2.15.4.jar:/home/ameda/.m2/repository/com/fasterxml/jackson/core/jackson-annotations/2.15.4/jackson-annotations-2.15.4.jar:/home/ameda/.m2/repository/com/fasterxml/jackson/jakarta/rs/jackson-jakarta-rs-base/2.15.4/jackson-jakarta-rs-base-2.15.4.jar:/home/ameda/.m2/repository/com/fasterxml/jackson/jakarta/rs/jackson-jakarta-rs-json-provider/2.15.4/jackson-jakarta-rs-json-provider-2.15.4.jar:/home/ameda/.m2/repository/com/fasterxml/jackson/module/jackson-module-jakarta-xmlbind-annotations/2.15.4/jackson-module-jakarta-xmlbind-annotations-2.15.4.jar:/home/ameda/.m2/repository/com/github/java-json-tools/json-patch/1.13/json-patch-1.13.jar:/home/ameda/.m2/repository/com/github/java-json-tools/msg-simple/1.2/msg-simple-1.2.jar:/home/ameda/.m2/repository/com/github/java-json-tools/btf/1.3/btf-1.3.jar:/home/ameda/.m2/repository/com/github/java-json-tools/jackson-coreutils/2.0/jackson-coreutils-2.0.jar:/home/ameda/.m2/repository/org/jboss/resteasy/resteasy-jaxb-provider/6.2.7.Final/resteasy-jaxb-provider-6.2.7.Final.jar:/home/ameda/.m2/repository/org/glassfish/jaxb/codemodel/4.0.5/codemodel-4.0.5.jar:/home/ameda/.m2/repository/org/glassfish/jaxb/jaxb-core/4.0.5/jaxb-core-4.0.5.jar:/home/ameda/.m2/repository/org/glassfish/jaxb/jaxb-jxc/4.0.5/jaxb-jxc-4.0.5.jar:/home/ameda/.m2/repository/org/glassfish/jaxb/jaxb-runtime/4.0.5/jaxb-runtime-4.0.5.jar:/home/ameda/.m2/repository/org/glassfish/jaxb/txw2/4.0.5/txw2-4.0.5.jar:/home/ameda/.m2/repository/org/glassfish/jaxb/jaxb-xjc/4.0.5/jaxb-xjc-4.0.5.jar:/home/ameda/.m2/repository/org/glassfish/jaxb/xsom/4.0.5/xsom-4.0.5.jar:/home/ameda/.m2/repository/com/sun/istack/istack-commons-runtime/4.1.2/istack-commons-runtime-4.1.2.jar:/home/ameda/.m2/repository/com/sun/istack/istack-commons-tools/4.1.2/istack-commons-tools-4.1.2.jar:/home/ameda/.m2/repository/com/sun/xml/bind/external/relaxng-datatype/4.0.3/relaxng-datatype-4.0.3.jar:/home/ameda/.m2/repository/com/sun/xml/bind/external/rngom/4.0.3/rngom-4.0.3.jar:/home/ameda/.m2/repository/org/postgresql/postgresql/42.6.2/postgresql-42.6.2.jar:/home/ameda/.m2/repository/org/checkerframework/checker-qual/3.31.0/checker-qual-3.31.0.jar:/home/ameda/.m2/repository/com/itextpdf/barcodes/8.0.2/barcodes-8.0.2.jar:/home/ameda/.m2/repository/org/slf4j/slf4j-api/2.0.13/slf4j-api-2.0.13.jar:/home/ameda/.m2/repository/com/itextpdf/font-asian/8.0.2/font-asian-8.0.2.jar:/home/ameda/.m2/repository/com/itextpdf/forms/8.0.2/forms-8.0.2.jar:/home/ameda/.m2/repository/com/itextpdf/hyph/8.0.2/hyph-8.0.2.jar:/home/ameda/.m2/repository/com/itextpdf/io/8.0.2/io-8.0.2.jar:/home/ameda/.m2/repository/com/itextpdf/commons/8.0.2/commons-8.0.2.jar:/home/ameda/.m2/repository/com/itextpdf/kernel/8.0.2/kernel-8.0.2.jar:/home/ameda/.m2/repository/com/itextpdf/layout/8.0.2/layout-8.0.2.jar:/home/ameda/.m2/repository/com/itextpdf/pdfa/8.0.2/pdfa-8.0.2.jar:/home/ameda/.m2/repository/com/itextpdf/sign/8.0.2/sign-8.0.2.jar:/home/ameda/.m2/repository/com/itextpdf/styled-xml-parser/8.0.2/styled-xml-parser-8.0.2.jar:/home/ameda/.m2/repository/com/itextpdf/svg/8.0.2/svg-8.0.2.jar:/home/ameda/.m2/repository/com/itextpdf/bouncy-castle-connector/8.0.2/bouncy-castle-connector-8.0.2.jar:/home/ameda/.m2/repository/org/springframework/boot/spring-boot-starter-thymeleaf/3.2.5/spring-boot-starter-thymeleaf-3.2.5.jar:/home/ameda/.m2/repository/org/thymeleaf/thymeleaf-spring6/3.1.2.RELEASE/thymeleaf-spring6-3.1.2.RELEASE.jar:/home/ameda/.m2/repository/org/thymeleaf/thymeleaf/3.1.2.RELEASE/thymeleaf-3.1.2.RELEASE.jar:/home/ameda/.m2/repository/org/attoparser/attoparser/2.0.7.RELEASE/attoparser-2.0.7.RELEASE.jar:/home/ameda/.m2/repository/org/unbescape/unbescape/1.1.6.RELEASE/unbescape-1.1.6.RELEASE.jar:/home/ameda/.m2/repository/org/xhtmlrenderer/flying-saucer-pdf/9.1.22/flying-saucer-pdf-9.1.22.jar:/home/ameda/.m2/repository/com/lowagie/itext/2.1.7/itext-2.1.7.jar:/home/ameda/.m2/repository/org/bouncycastle/bcmail-jdk14/1.64/bcmail-jdk14-1.64.jar:/home/ameda/.m2/repository/org/bouncycastle/bcpkix-jdk14/1.64/bcpkix-jdk14-1.64.jar:/home/ameda/.m2/repository/org/bouncycastle/bctsp-jdk14/1.46/bctsp-jdk14-1.46.jar:/home/ameda/.m2/repository/org/bouncycastle/bcprov-jdk14/1.64/bcprov-jdk14-1.64.jar:/home/ameda/.m2/repository/org/xhtmlrenderer/flying-saucer-core/9.1.22/flying-saucer-core-9.1.22.jar:/home/ameda/.m2/repository/com/github/librepdf/openpdf/2.0.3/openpdf-2.0.3.jar:/home/ameda/.m2/repository/org/springframework/boot/spring-boot-starter-security/3.2.5/spring-boot-starter-security-3.2.5.jar:/home/ameda/.m2/repository/org/springframework/spring-aop/6.1.6/spring-aop-6.1.6.jar:/home/ameda/.m2/repository/org/springframework/security/spring-security-config/6.2.4/spring-security-config-6.2.4.jar:/home/ameda/.m2/repository/org/springframework/security/spring-security-web/6.2.4/spring-security-web-6.2.4.jar:/home/ameda/.m2/repository/org/projectlombok/lombok/1.18.32/lombok-1.18.32.jar:/home/ameda/.m2/repository/org/springframework/security/spring-security-test/6.2.4/spring-security-test-6.2.4.jar:/home/ameda/.m2/repository/org/springframework/security/spring-security-core/6.2.4/spring-security-core-6.2.4.jar:/home/ameda/.m2/repository/org/springframework/security/spring-security-crypto/6.2.4/spring-security-crypto-6.2.4.jar:/home/ameda/.m2/repository/org/springframework/spring-core/6.1.6/spring-core-6.1.6.jar:/home/ameda/.m2/repository/org/springframework/spring-jcl/6.1.6/spring-jcl-6.1.6.jar:/home/ameda/.m2/repository/org/springframework/spring-test/6.1.6/spring-test-6.1.6.jar:/home/ameda/.m2/repository/org/springframework/boot/spring-boot-starter-test/3.2.5/spring-boot-starter-test-3.2.5.jar:/home/ameda/.m2/repository/org/springframework/boot/spring-boot-test/3.2.5/spring-boot-test-3.2.5.jar:/home/ameda/.m2/repository/org/springframework/boot/spring-boot-test-autoconfigure/3.2.5/spring-boot-test-autoconfigure-3.2.5.jar:/home/ameda/.m2/repository/com/jayway/jsonpath/json-path/2.9.0/json-path-2.9.0.jar:/home/ameda/.m2/repository/jakarta/xml/bind/jakarta.xml.bind-api/4.0.2/jakarta.xml.bind-api-4.0.2.jar:/home/ameda/.m2/repository/jakarta/activation/jakarta.activation-api/2.1.3/jakarta.activation-api-2.1.3.jar:/home/ameda/.m2/repository/net/minidev/json-smart/2.5.1/json-smart-2.5.1.jar:/home/ameda/.m2/repository/net/minidev/accessors-smart/2.5.1/accessors-smart-2.5.1.jar:/home/ameda/.m2/repository/org/ow2/asm/asm/9.6/asm-9.6.jar:/home/ameda/.m2/repository/org/assertj/assertj-core/3.24.2/assertj-core-3.24.2.jar:/home/ameda/.m2/repository/net/bytebuddy/byte-buddy/1.14.13/byte-buddy-1.14.13.jar:/home/ameda/.m2/repository/org/awaitility/awaitility/4.2.1/awaitility-4.2.1.jar:/home/ameda/.m2/repository/org/hamcrest/hamcrest/2.2/hamcrest-2.2.jar:/home/ameda/.m2/repository/org/junit/jupiter/junit-jupiter/5.10.2/junit-jupiter-5.10.2.jar:/home/ameda/.m2/repository/org/junit/jupiter/junit-jupiter-api/5.10.2/junit-jupiter-api-5.10.2.jar:/home/ameda/.m2/repository/org/opentest4j/opentest4j/1.3.0/opentest4j-1.3.0.jar:/home/ameda/.m2/repository/org/junit/platform/junit-platform-commons/1.10.2/junit-platform-commons-1.10.2.jar:/home/ameda/.m2/repository/org/apiguardian/apiguardian-api/1.1.2/apiguardian-api-1.1.2.jar:/home/ameda/.m2/repository/org/junit/jupiter/junit-jupiter-params/5.10.2/junit-jupiter-params-5.10.2.jar:/home/ameda/.m2/repository/org/junit/jupiter/junit-jupiter-engine/5.10.2/junit-jupiter-engine-5.10.2.jar:/home/ameda/.m2/repository/org/junit/platform/junit-platform-engine/1.10.2/junit-platform-engine-1.10.2.jar:/home/ameda/.m2/repository/org/mockito/mockito-core/5.7.0/mockito-core-5.7.0.jar:/home/ameda/.m2/repository/net/bytebuddy/byte-buddy-agent/1.14.13/byte-buddy-agent-1.14.13.jar:/home/ameda/.m2/repository/org/objenesis/objenesis/3.3/objenesis-3.3.jar:/home/ameda/.m2/repository/org/mockito/mockito-junit-jupiter/5.7.0/mockito-junit-jupiter-5.7.0.jar:/home/ameda/.m2/repository/org/skyscreamer/jsonassert/1.5.1/jsonassert-1.5.1.jar:/home/ameda/.m2/repository/com/vaadin/external/google/android-json/0.0.20131108.vaadin1/android-json-0.0.20131108.vaadin1.jar:/home/ameda/.m2/repository/org/xmlunit/xmlunit-core/2.9.1/xmlunit-core-2.9.1.jar:/home/ameda/.m2/repository/org/springframework/spring-messaging/6.1.6/spring-messaging-6.1.6.jar:/home/ameda/.m2/repository/org/springframework/spring-beans/6.1.6/spring-beans-6.1.6.jar:/home/ameda/.m2/repository/org/springframework/boot/spring-boot-starter-amqp/3.2.5/spring-boot-starter-amqp-3.2.5.jar:/home/ameda/.m2/repository/org/springframework/amqp/spring-rabbit/3.1.4/spring-rabbit-3.1.4.jar:/home/ameda/.m2/repository/org/springframework/amqp/spring-amqp/3.1.4/spring-amqp-3.1.4.jar:/home/ameda/.m2/repository/org/springframework/retry/spring-retry/2.0.5/spring-retry-2.0.5.jar:/home/ameda/.m2/repository/com/rabbitmq/amqp-client/5.19.0/amqp-client-5.19.0.jar:/home/ameda/.m2/repository/org/springframework/spring-tx/6.1.6/spring-tx-6.1.6.jar:"/>
    <property name="java.vm.vendor" value="Ubuntu"/>
    <property name="sun.arch.data.model" value="64"/>
    <property name="java.vendor.url" value="https://ubuntu.com/"/>
    <property name="user.timezone" value="Africa/Nairobi"/>
    <property name="org.jboss.logging.provider" value="slf4j"/>
    <property name="os.name" value="Linux"/>
    <property name="java.vm.specification.version" value="21"/>
    <property name="sun.java.launcher" value="SUN_STANDARD"/>
    <property name="user.country" value="US"/>
    <property name="sun.boot.library.path" value="/usr/lib/jvm/java-21-openjdk-amd64/lib"/>
    <property name="sun.java.command" value="/home/ameda/Downloads/multi-module-jib/authentication/target/surefire/surefirebooter-20250618041156120_9.jar /home/ameda/Downloads/multi-module-jib/authentication/target/surefire 2025-06-18T04-11-46_690-jvmRun1 surefire-20250618041156120_7tmp surefire_2-20250618041156120_8tmp"/>
    <property name="jdk.debug" value="release"/>
    <property name="surefire.test.class.path" value="/home/ameda/Downloads/multi-module-jib/authentication/target/test-classes:/home/ameda/Downloads/multi-module-jib/authentication/target/classes:/home/ameda/.m2/repository/org/springframework/boot/spring-boot-starter-web/3.2.5/spring-boot-starter-web-3.2.5.jar:/home/ameda/.m2/repository/org/springframework/boot/spring-boot-starter/3.2.5/spring-boot-starter-3.2.5.jar:/home/ameda/.m2/repository/org/springframework/boot/spring-boot/3.2.5/spring-boot-3.2.5.jar:/home/ameda/.m2/repository/org/springframework/boot/spring-boot-autoconfigure/3.2.5/spring-boot-autoconfigure-3.2.5.jar:/home/ameda/.m2/repository/org/springframework/boot/spring-boot-starter-logging/3.2.5/spring-boot-starter-logging-3.2.5.jar:/home/ameda/.m2/repository/ch/qos/logback/logback-classic/1.4.14/logback-classic-1.4.14.jar:/home/ameda/.m2/repository/ch/qos/logback/logback-core/1.4.14/logback-core-1.4.14.jar:/home/ameda/.m2/repository/org/apache/logging/log4j/log4j-to-slf4j/2.21.1/log4j-to-slf4j-2.21.1.jar:/home/ameda/.m2/repository/org/apache/logging/log4j/log4j-api/2.21.1/log4j-api-2.21.1.jar:/home/ameda/.m2/repository/org/slf4j/jul-to-slf4j/2.0.13/jul-to-slf4j-2.0.13.jar:/home/ameda/.m2/repository/jakarta/annotation/jakarta.annotation-api/2.1.1/jakarta.annotation-api-2.1.1.jar:/home/ameda/.m2/repository/org/yaml/snakeyaml/2.2/snakeyaml-2.2.jar:/home/ameda/.m2/repository/org/springframework/boot/spring-boot-starter-json/3.2.5/spring-boot-starter-json-3.2.5.jar:/home/ameda/.m2/repository/com/fasterxml/jackson/core/jackson-databind/2.15.4/jackson-databind-2.15.4.jar:/home/ameda/.m2/repository/com/fasterxml/jackson/datatype/jackson-datatype-jdk8/2.15.4/jackson-datatype-jdk8-2.15.4.jar:/home/ameda/.m2/repository/com/fasterxml/jackson/datatype/jackson-datatype-jsr310/2.15.4/jackson-datatype-jsr310-2.15.4.jar:/home/ameda/.m2/repository/com/fasterxml/jackson/module/jackson-module-parameter-names/2.15.4/jackson-module-parameter-names-2.15.4.jar:/home/ameda/.m2/repository/org/springframework/boot/spring-boot-starter-tomcat/3.2.5/spring-boot-starter-tomcat-3.2.5.jar:/home/ameda/.m2/repository/org/apache/tomcat/embed/tomcat-embed-core/10.1.20/tomcat-embed-core-10.1.20.jar:/home/ameda/.m2/repository/org/apache/tomcat/embed/tomcat-embed-el/10.1.20/tomcat-embed-el-10.1.20.jar:/home/ameda/.m2/repository/org/apache/tomcat/embed/tomcat-embed-websocket/10.1.20/tomcat-embed-websocket-10.1.20.jar:/home/ameda/.m2/repository/org/springframework/spring-web/6.1.6/spring-web-6.1.6.jar:/home/ameda/.m2/repository/io/micrometer/micrometer-observation/1.12.5/micrometer-observation-1.12.5.jar:/home/ameda/.m2/repository/io/micrometer/micrometer-commons/1.12.5/micrometer-commons-1.12.5.jar:/home/ameda/.m2/repository/org/springframework/spring-webmvc/6.1.6/spring-webmvc-6.1.6.jar:/home/ameda/.m2/repository/org/springframework/spring-context/6.1.6/spring-context-6.1.6.jar:/home/ameda/.m2/repository/org/springframework/spring-expression/6.1.6/spring-expression-6.1.6.jar:/home/ameda/.m2/repository/org/springframework/boot/spring-boot-starter-oauth2-authorization-server/3.2.5/spring-boot-starter-oauth2-authorization-server-3.2.5.jar:/home/ameda/.m2/repository/org/springframework/security/spring-security-oauth2-authorization-server/1.2.4/spring-security-oauth2-authorization-server-1.2.4.jar:/home/ameda/.m2/repository/org/springframework/security/spring-security-oauth2-core/6.2.4/spring-security-oauth2-core-6.2.4.jar:/home/ameda/.m2/repository/org/springframework/security/spring-security-oauth2-jose/6.2.4/spring-security-oauth2-jose-6.2.4.jar:/home/ameda/.m2/repository/org/springframework/security/spring-security-oauth2-resource-server/6.2.4/spring-security-oauth2-resource-server-6.2.4.jar:/home/ameda/.m2/repository/com/nimbusds/nimbus-jose-jwt/9.37.3/nimbus-jose-jwt-9.37.3.jar:/home/ameda/.m2/repository/com/github/stephenc/jcip/jcip-annotations/1.0-1/jcip-annotations-1.0-1.jar:/home/ameda/.m2/repository/org/keycloak/keycloak-admin-client/25.0.0/keycloak-admin-client-25.0.0.jar:/home/ameda/.m2/repository/org/keycloak/keycloak-core/25.0.0/keycloak-core-25.0.0.jar:/home/ameda/.m2/repository/org/keycloak/keycloak-common/25.0.0/keycloak-common-25.0.0.jar:/home/ameda/.m2/repository/org/jboss/resteasy/resteasy-client/6.2.7.Final/resteasy-client-6.2.7.Final.jar:/home/ameda/.m2/repository/org/jboss/resteasy/resteasy-client-api/6.2.7.Final/resteasy-client-api-6.2.7.Final.jar:/home/ameda/.m2/repository/org/jboss/resteasy/resteasy-core-spi/6.2.7.Final/resteasy-core-spi-6.2.7.Final.jar:/home/ameda/.m2/repository/jakarta/validation/jakarta.validation-api/3.0.2/jakarta.validation-api-3.0.2.jar:/home/ameda/.m2/repository/org/jboss/resteasy/resteasy-core/6.2.7.Final/resteasy-core-6.2.7.Final.jar:/home/ameda/.m2/repository/org/jboss/jandex/2.4.4.Final/jandex-2.4.4.Final.jar:/home/ameda/.m2/repository/org/eclipse/angus/angus-activation/2.0.2/angus-activation-2.0.2.jar:/home/ameda/.m2/repository/com/ibm/async/asyncutil/0.1.0/asyncutil-0.1.0.jar:/home/ameda/.m2/repository/org/jboss/logging/jboss-logging/3.5.3.Final/jboss-logging-3.5.3.Final.jar:/home/ameda/.m2/repository/org/apache/httpcomponents/httpclient/4.5.14/httpclient-4.5.14.jar:/home/ameda/.m2/repository/org/apache/httpcomponents/httpcore/4.4.16/httpcore-4.4.16.jar:/home/ameda/.m2/repository/commons-logging/commons-logging/1.2/commons-logging-1.2.jar:/home/ameda/.m2/repository/commons-codec/commons-codec/1.16.1/commons-codec-1.16.1.jar:/home/ameda/.m2/repository/jakarta/ws/rs/jakarta.ws.rs-api/3.1.0/jakarta.ws.rs-api-3.1.0.jar:/home/ameda/.m2/repository/org/reactivestreams/reactive-streams/1.0.4/reactive-streams-1.0.4.jar:/home/ameda/.m2/repository/org/jboss/resteasy/resteasy-multipart-provider/6.2.7.Final/resteasy-multipart-provider-6.2.7.Final.jar:/home/ameda/.m2/repository/jakarta/mail/jakarta.mail-api/2.1.3/jakarta.mail-api-2.1.3.jar:/home/ameda/.m2/repository/org/eclipse/angus/angus-mail/2.0.3/angus-mail-2.0.3.jar:/home/ameda/.m2/repository/org/apache/james/apache-mime4j-dom/0.8.9/apache-mime4j-dom-0.8.9.jar:/home/ameda/.m2/repository/org/apache/james/apache-mime4j-core/0.8.9/apache-mime4j-core-0.8.9.jar:/home/ameda/.m2/repository/org/apache/james/apache-mime4j-storage/0.8.9/apache-mime4j-storage-0.8.9.jar:/home/ameda/.m2/repository/commons-io/commons-io/2.11.0/commons-io-2.11.0.jar:/home/ameda/.m2/repository/org/jboss/resteasy/resteasy-jackson2-provider/6.2.7.Final/resteasy-jackson2-provider-6.2.7.Final.jar:/home/ameda/.m2/repository/com/fasterxml/jackson/core/jackson-core/2.15.4/jackson-core-2.15.4.jar:/home/ameda/.m2/repository/com/fasterxml/jackson/core/jackson-annotations/2.15.4/jackson-annotations-2.15.4.jar:/home/ameda/.m2/repository/com/fasterxml/jackson/jakarta/rs/jackson-jakarta-rs-base/2.15.4/jackson-jakarta-rs-base-2.15.4.jar:/home/ameda/.m2/repository/com/fasterxml/jackson/jakarta/rs/jackson-jakarta-rs-json-provider/2.15.4/jackson-jakarta-rs-json-provider-2.15.4.jar:/home/ameda/.m2/repository/com/fasterxml/jackson/module/jackson-module-jakarta-xmlbind-annotations/2.15.4/jackson-module-jakarta-xmlbind-annotations-2.15.4.jar:/home/ameda/.m2/repository/com/github/java-json-tools/json-patch/1.13/json-patch-1.13.jar:/home/ameda/.m2/repository/com/github/java-json-tools/msg-simple/1.2/msg-simple-1.2.jar:/home/ameda/.m2/repository/com/github/java-json-tools/btf/1.3/btf-1.3.jar:/home/ameda/.m2/repository/com/github/java-json-tools/jackson-coreutils/2.0/jackson-coreutils-2.0.jar:/home/ameda/.m2/repository/org/jboss/resteasy/resteasy-jaxb-provider/6.2.7.Final/resteasy-jaxb-provider-6.2.7.Final.jar:/home/ameda/.m2/repository/org/glassfish/jaxb/codemodel/4.0.5/codemodel-4.0.5.jar:/home/ameda/.m2/repository/org/glassfish/jaxb/jaxb-core/4.0.5/jaxb-core-4.0.5.jar:/home/ameda/.m2/repository/org/glassfish/jaxb/jaxb-jxc/4.0.5/jaxb-jxc-4.0.5.jar:/home/ameda/.m2/repository/org/glassfish/jaxb/jaxb-runtime/4.0.5/jaxb-runtime-4.0.5.jar:/home/ameda/.m2/repository/org/glassfish/jaxb/txw2/4.0.5/txw2-4.0.5.jar:/home/ameda/.m2/repository/org/glassfish/jaxb/jaxb-xjc/4.0.5/jaxb-xjc-4.0.5.jar:/home/ameda/.m2/repository/org/glassfish/jaxb/xsom/4.0.5/xsom-4.0.5.jar:/home/ameda/.m2/repository/com/sun/istack/istack-commons-runtime/4.1.2/istack-commons-runtime-4.1.2.jar:/home/ameda/.m2/repository/com/sun/istack/istack-commons-tools/4.1.2/istack-commons-tools-4.1.2.jar:/home/ameda/.m2/repository/com/sun/xml/bind/external/relaxng-datatype/4.0.3/relaxng-datatype-4.0.3.jar:/home/ameda/.m2/repository/com/sun/xml/bind/external/rngom/4.0.3/rngom-4.0.3.jar:/home/ameda/.m2/repository/org/postgresql/postgresql/42.6.2/postgresql-42.6.2.jar:/home/ameda/.m2/repository/org/checkerframework/checker-qual/3.31.0/checker-qual-3.31.0.jar:/home/ameda/.m2/repository/com/itextpdf/barcodes/8.0.2/barcodes-8.0.2.jar:/home/ameda/.m2/repository/org/slf4j/slf4j-api/2.0.13/slf4j-api-2.0.13.jar:/home/ameda/.m2/repository/com/itextpdf/font-asian/8.0.2/font-asian-8.0.2.jar:/home/ameda/.m2/repository/com/itextpdf/forms/8.0.2/forms-8.0.2.jar:/home/ameda/.m2/repository/com/itextpdf/hyph/8.0.2/hyph-8.0.2.jar:/home/ameda/.m2/repository/com/itextpdf/io/8.0.2/io-8.0.2.jar:/home/ameda/.m2/repository/com/itextpdf/commons/8.0.2/commons-8.0.2.jar:/home/ameda/.m2/repository/com/itextpdf/kernel/8.0.2/kernel-8.0.2.jar:/home/ameda/.m2/repository/com/itextpdf/layout/8.0.2/layout-8.0.2.jar:/home/ameda/.m2/repository/com/itextpdf/pdfa/8.0.2/pdfa-8.0.2.jar:/home/ameda/.m2/repository/com/itextpdf/sign/8.0.2/sign-8.0.2.jar:/home/ameda/.m2/repository/com/itextpdf/styled-xml-parser/8.0.2/styled-xml-parser-8.0.2.jar:/home/ameda/.m2/repository/com/itextpdf/svg/8.0.2/svg-8.0.2.jar:/home/ameda/.m2/repository/com/itextpdf/bouncy-castle-connector/8.0.2/bouncy-castle-connector-8.0.2.jar:/home/ameda/.m2/repository/org/springframework/boot/spring-boot-starter-thymeleaf/3.2.5/spring-boot-starter-thymeleaf-3.2.5.jar:/home/ameda/.m2/repository/org/thymeleaf/thymeleaf-spring6/3.1.2.RELEASE/thymeleaf-spring6-3.1.2.RELEASE.jar:/home/ameda/.m2/repository/org/thymeleaf/thymeleaf/3.1.2.RELEASE/thymeleaf-3.1.2.RELEASE.jar:/home/ameda/.m2/repository/org/attoparser/attoparser/2.0.7.RELEASE/attoparser-2.0.7.RELEASE.jar:/home/ameda/.m2/repository/org/unbescape/unbescape/1.1.6.RELEASE/unbescape-1.1.6.RELEASE.jar:/home/ameda/.m2/repository/org/xhtmlrenderer/flying-saucer-pdf/9.1.22/flying-saucer-pdf-9.1.22.jar:/home/ameda/.m2/repository/com/lowagie/itext/2.1.7/itext-2.1.7.jar:/home/ameda/.m2/repository/org/bouncycastle/bcmail-jdk14/1.64/bcmail-jdk14-1.64.jar:/home/ameda/.m2/repository/org/bouncycastle/bcpkix-jdk14/1.64/bcpkix-jdk14-1.64.jar:/home/ameda/.m2/repository/org/bouncycastle/bctsp-jdk14/1.46/bctsp-jdk14-1.46.jar:/home/ameda/.m2/repository/org/bouncycastle/bcprov-jdk14/1.64/bcprov-jdk14-1.64.jar:/home/ameda/.m2/repository/org/xhtmlrenderer/flying-saucer-core/9.1.22/flying-saucer-core-9.1.22.jar:/home/ameda/.m2/repository/com/github/librepdf/openpdf/2.0.3/openpdf-2.0.3.jar:/home/ameda/.m2/repository/org/springframework/boot/spring-boot-starter-security/3.2.5/spring-boot-starter-security-3.2.5.jar:/home/ameda/.m2/repository/org/springframework/spring-aop/6.1.6/spring-aop-6.1.6.jar:/home/ameda/.m2/repository/org/springframework/security/spring-security-config/6.2.4/spring-security-config-6.2.4.jar:/home/ameda/.m2/repository/org/springframework/security/spring-security-web/6.2.4/spring-security-web-6.2.4.jar:/home/ameda/.m2/repository/org/projectlombok/lombok/1.18.32/lombok-1.18.32.jar:/home/ameda/.m2/repository/org/springframework/security/spring-security-test/6.2.4/spring-security-test-6.2.4.jar:/home/ameda/.m2/repository/org/springframework/security/spring-security-core/6.2.4/spring-security-core-6.2.4.jar:/home/ameda/.m2/repository/org/springframework/security/spring-security-crypto/6.2.4/spring-security-crypto-6.2.4.jar:/home/ameda/.m2/repository/org/springframework/spring-core/6.1.6/spring-core-6.1.6.jar:/home/ameda/.m2/repository/org/springframework/spring-jcl/6.1.6/spring-jcl-6.1.6.jar:/home/ameda/.m2/repository/org/springframework/spring-test/6.1.6/spring-test-6.1.6.jar:/home/ameda/.m2/repository/org/springframework/boot/spring-boot-starter-test/3.2.5/spring-boot-starter-test-3.2.5.jar:/home/ameda/.m2/repository/org/springframework/boot/spring-boot-test/3.2.5/spring-boot-test-3.2.5.jar:/home/ameda/.m2/repository/org/springframework/boot/spring-boot-test-autoconfigure/3.2.5/spring-boot-test-autoconfigure-3.2.5.jar:/home/ameda/.m2/repository/com/jayway/jsonpath/json-path/2.9.0/json-path-2.9.0.jar:/home/ameda/.m2/repository/jakarta/xml/bind/jakarta.xml.bind-api/4.0.2/jakarta.xml.bind-api-4.0.2.jar:/home/ameda/.m2/repository/jakarta/activation/jakarta.activation-api/2.1.3/jakarta.activation-api-2.1.3.jar:/home/ameda/.m2/repository/net/minidev/json-smart/2.5.1/json-smart-2.5.1.jar:/home/ameda/.m2/repository/net/minidev/accessors-smart/2.5.1/accessors-smart-2.5.1.jar:/home/ameda/.m2/repository/org/ow2/asm/asm/9.6/asm-9.6.jar:/home/ameda/.m2/repository/org/assertj/assertj-core/3.24.2/assertj-core-3.24.2.jar:/home/ameda/.m2/repository/net/bytebuddy/byte-buddy/1.14.13/byte-buddy-1.14.13.jar:/home/ameda/.m2/repository/org/awaitility/awaitility/4.2.1/awaitility-4.2.1.jar:/home/ameda/.m2/repository/org/hamcrest/hamcrest/2.2/hamcrest-2.2.jar:/home/ameda/.m2/repository/org/junit/jupiter/junit-jupiter/5.10.2/junit-jupiter-5.10.2.jar:/home/ameda/.m2/repository/org/junit/jupiter/junit-jupiter-api/5.10.2/junit-jupiter-api-5.10.2.jar:/home/ameda/.m2/repository/org/opentest4j/opentest4j/1.3.0/opentest4j-1.3.0.jar:/home/ameda/.m2/repository/org/junit/platform/junit-platform-commons/1.10.2/junit-platform-commons-1.10.2.jar:/home/ameda/.m2/repository/org/apiguardian/apiguardian-api/1.1.2/apiguardian-api-1.1.2.jar:/home/ameda/.m2/repository/org/junit/jupiter/junit-jupiter-params/5.10.2/junit-jupiter-params-5.10.2.jar:/home/ameda/.m2/repository/org/junit/jupiter/junit-jupiter-engine/5.10.2/junit-jupiter-engine-5.10.2.jar:/home/ameda/.m2/repository/org/junit/platform/junit-platform-engine/1.10.2/junit-platform-engine-1.10.2.jar:/home/ameda/.m2/repository/org/mockito/mockito-core/5.7.0/mockito-core-5.7.0.jar:/home/ameda/.m2/repository/net/bytebuddy/byte-buddy-agent/1.14.13/byte-buddy-agent-1.14.13.jar:/home/ameda/.m2/repository/org/objenesis/objenesis/3.3/objenesis-3.3.jar:/home/ameda/.m2/repository/org/mockito/mockito-junit-jupiter/5.7.0/mockito-junit-jupiter-5.7.0.jar:/home/ameda/.m2/repository/org/skyscreamer/jsonassert/1.5.1/jsonassert-1.5.1.jar:/home/ameda/.m2/repository/com/vaadin/external/google/android-json/0.0.20131108.vaadin1/android-json-0.0.20131108.vaadin1.jar:/home/ameda/.m2/repository/org/xmlunit/xmlunit-core/2.9.1/xmlunit-core-2.9.1.jar:/home/ameda/.m2/repository/org/springframework/spring-messaging/6.1.6/spring-messaging-6.1.6.jar:/home/ameda/.m2/repository/org/springframework/spring-beans/6.1.6/spring-beans-6.1.6.jar:/home/ameda/.m2/repository/org/springframework/boot/spring-boot-starter-amqp/3.2.5/spring-boot-starter-amqp-3.2.5.jar:/home/ameda/.m2/repository/org/springframework/amqp/spring-rabbit/3.1.4/spring-rabbit-3.1.4.jar:/home/ameda/.m2/repository/org/springframework/amqp/spring-amqp/3.1.4/spring-amqp-3.1.4.jar:/home/ameda/.m2/repository/org/springframework/retry/spring-retry/2.0.5/spring-retry-2.0.5.jar:/home/ameda/.m2/repository/com/rabbitmq/amqp-client/5.19.0/amqp-client-5.19.0.jar:/home/ameda/.m2/repository/org/springframework/spring-tx/6.1.6/spring-tx-6.1.6.jar:"/>
    <property name="sun.cpu.endian" value="little"/>
    <property name="user.home" value="/home/ameda"/>
    <property name="user.language" value="en"/>
    <property name="java.specification.vendor" value="Oracle Corporation"/>
    <property name="java.version.date" value="2025-04-15"/>
    <property name="java.home" value="/usr/lib/jvm/java-21-openjdk-amd64"/>
    <property name="file.separator" value="/"/>
    <property name="basedir" value="/home/ameda/Downloads/multi-module-jib/authentication"/>
    <property name="java.vm.compressedOopsMode" value="32-bit"/>
    <property name="line.separator" value="&#10;"/>
    <property name="java.vm.specification.vendor" value="Oracle Corporation"/>
    <property name="java.specification.name" value="Java Platform API Specification"/>
    <property name="FILE_LOG_CHARSET" value="UTF-8"/>
    <property name="java.awt.headless" value="true"/>
    <property name="surefire.real.class.path" value="/home/ameda/Downloads/multi-module-jib/authentication/target/surefire/surefirebooter-20250618041156120_9.jar"/>
    <property name="sun.management.compiler" value="HotSpot 64-Bit Tiered Compilers"/>
    <property name="java.runtime.version" value="21.0.7+6-Ubuntu-0ubuntu124.04"/>
    <property name="user.name" value="ameda"/>
    <property name="stdout.encoding" value="UTF-8"/>
    <property name="path.separator" value=":"/>
    <property name="os.version" value="6.11.0-26-generic"/>
    <property name="java.runtime.name" value="OpenJDK Runtime Environment"/>
    <property name="file.encoding" value="UTF-8"/>
    <property name="java.vm.name" value="OpenJDK 64-Bit Server VM"/>
    <property name="localRepository" value="/home/ameda/.m2/repository"/>
    <property name="java.vendor.url.bug" value="https://bugs.launchpad.net/ubuntu/+source/openjdk-21"/>
    <property name="java.io.tmpdir" value="/tmp"/>
    <property name="java.version" value="21.0.7"/>
    <property name="user.dir" value="/home/ameda/Downloads/multi-module-jib/authentication"/>
    <property name="os.arch" value="amd64"/>
    <property name="java.vm.specification.name" value="Java Virtual Machine Specification"/>
    <property name="PID" value="54044"/>
    <property name="CONSOLE_LOG_CHARSET" value="UTF-8"/>
    <property name="native.encoding" value="UTF-8"/>
    <property name="java.library.path" value="/usr/java/packages/lib:/usr/lib/x86_64-linux-gnu/jni:/lib/x86_64-linux-gnu:/usr/lib/x86_64-linux-gnu:/usr/lib/jni:/lib:/usr/lib"/>
    <property name="java.vm.info" value="mixed mode, sharing"/>
    <property name="stderr.encoding" value="UTF-8"/>
    <property name="java.vendor" value="Ubuntu"/>
    <property name="java.vm.version" value="21.0.7+6-Ubuntu-0ubuntu124.04"/>
    <property name="sun.io.unicode.encoding" value="UnicodeLittle"/>
    <property name="java.class.version" value="65.0"/>
    <property name="LOGGED_APPLICATION_NAME" value="[auth-service] "/>
  </properties>
  <testcase name="sampleTest" classname="com.ameda.jib.auth.AuthenticationApplicationTest" time="1.074">
    <system-out><![CDATA[Standard Commons Logging discovery in action with spring-jcl: please remove commons-logging.jar from classpath in order to avoid potential conflicts
04:11:58.642 [main] INFO org.springframework.test.context.support.AnnotationConfigContextLoaderUtils -- Could not detect default configuration classes for test class [com.ameda.jib.auth.AuthenticationApplicationTest]: AuthenticationApplicationTest does not declare any static, non-private, non-final, nested classes annotated with @Configuration.
04:11:59.119 [main] INFO org.springframework.boot.test.context.SpringBootTestContextBootstrapper -- Found @SpringBootConfiguration com.ameda.jib.auth.AuthenticationApplication for test class com.ameda.jib.auth.AuthenticationApplicationTest

  .   ____          _            __ _ _
 /\\ / ___'_ __ _ _(_)_ __  __ _ \ \ \ \
( ( )\___ | '_ | '_| | '_ \/ _` | \ \ \ \
 \\/  ___)| |_)| | | | | || (_| |  ) ) ) )
  '  |____| .__|_| |_|_| |_\__, | / / / /
 =========|_|==============|___/=/_/_/_/
 :: Spring Boot ::                (v3.2.5)

2025-06-18T04:12:00.039+03:00  INFO 54044 --- [auth-service] [           main] c.a.j.a.AuthenticationApplicationTest    : Starting AuthenticationApplicationTest using Java 21.0.7 with PID 54044 (started by ameda in /home/ameda/Downloads/multi-module-jib/authentication)
2025-06-18T04:12:00.041+03:00  INFO 54044 --- [auth-service] [           main] c.a.j.a.AuthenticationApplicationTest    : No active profile set, falling back to 1 default profile: "default"
2025-06-18T04:12:03.539+03:00  INFO 54044 --- [auth-service] [           main] o.s.s.web.DefaultSecurityFilterChain     : Will secure any request with [org.springframework.security.web.session.DisableEncodeUrlFilter@60deefed, org.springframework.security.web.context.request.async.WebAsyncManagerIntegrationFilter@49754e74, org.springframework.security.web.context.SecurityContextHolderFilter@6c07ad6b, org.springframework.security.web.header.HeaderWriterFilter@19ad75e5, org.springframework.web.filter.CorsFilter@31881aa2, org.springframework.security.web.authentication.logout.LogoutFilter@67d8faec, org.springframework.security.oauth2.server.resource.web.authentication.BearerTokenAuthenticationFilter@7ac058a0, org.springframework.security.web.savedrequest.RequestCacheAwareFilter@76e4212, org.springframework.security.web.servletapi.SecurityContextHolderAwareRequestFilter@23121d14, org.springframework.security.web.authentication.AnonymousAuthenticationFilter@1b46392c, org.springframework.security.web.session.SessionManagementFilter@20bb85b4, org.springframework.security.web.access.ExceptionTranslationFilter@4e958f08, org.springframework.security.web.access.intercept.AuthorizationFilter@6b2aafbc]
2025-06-18T04:12:04.868+03:00  INFO 54044 --- [auth-service] [           main] c.a.j.a.AuthenticationApplicationTest    : Started AuthenticationApplicationTest in 5.315 seconds (process running for 8.704)
]]></system-out>
    <system-err><![CDATA[WARNING: A Java agent has been loaded dynamically (/home/ameda/.m2/repository/net/bytebuddy/byte-buddy-agent/1.14.13/byte-buddy-agent-1.14.13.jar)
WARNING: If a serviceability tool is in use, please run with -XX:+EnableDynamicAgentLoading to hide this warning
WARNING: If a serviceability tool is not in use, please run with -Djdk.instrument.traceUsage for more information
WARNING: Dynamic loading of agents will be disallowed by default in a future release
]]></system-err>
  </testcase>
</testsuite>